2022-05-04 11:53:17 info: =================================
2022-05-04 11:53:17 info: ======= ENV: development =======
2022-05-04 11:53:17 info: 🚀 App listening on the port 3000
2022-05-04 11:53:17 info: =================================
2022-05-04 12:04:32 info: [0mGET / [32m200[0m 26.171 ms - 2[0m
2022-05-04 12:05:43 info: [0mPOST / [33m404[0m 29.006 ms - 140[0m
2022-05-04 12:05:52 error: [POST] /auth/login >> StatusCode:: 400, Message:: email must be an email, phone must be a string, password must be a string
2022-05-04 12:05:52 info: [0mPOST /auth/login [33m400[0m 45.854 ms - 87[0m
2022-05-04 12:07:12 error: [POST] /auth/login >> StatusCode:: 400, Message:: phone must be a string
2022-05-04 12:07:12 info: [0mPOST /auth/login [33m400[0m 210.060 ms - 36[0m
2022-05-04 12:07:34 info: =================================
2022-05-04 12:07:34 info: ======= ENV: development =======
2022-05-04 12:07:34 info: 🚀 App listening on the port 3000
2022-05-04 12:07:34 info: =================================
2022-05-04 12:08:16 error: [POST] /auth/login >> StatusCode:: 409, Message:: MongooseError: Operation `users.findOne()` buffering timed out after 10000ms
2022-05-04 12:08:16 info: [0mPOST /auth/login [33m409[0m 10053.710 ms - 14[0m
2022-05-04 12:08:32 error: [POST] /auth/login >> StatusCode:: 409, Message:: MongooseError: Operation `users.findOne()` buffering timed out after 10000ms
2022-05-04 12:08:32 info: [0mPOST /auth/login [33m409[0m 10009.081 ms - 14[0m
2022-05-04 12:09:18 error: [POST] /auth/login >> StatusCode:: 409, Message:: MongooseError: Operation `users.findOne()` buffering timed out after 10000ms
2022-05-04 12:09:18 info: [0mPOST /auth/login [33m409[0m 10047.909 ms - 14[0m
2022-05-04 12:09:41 info: =================================
2022-05-04 12:09:41 info: ======= ENV: development =======
2022-05-04 12:09:41 info: 🚀 App listening on the port 3000
2022-05-04 12:09:41 info: =================================
2022-05-04 12:11:12 error: [POST] /auth/login >> StatusCode:: 404, Message:: User not found
2022-05-04 12:11:12 info: [0mPOST /auth/login [33m404[0m 405.051 ms - 28[0m
2022-05-04 12:11:18 error: [POST] /auth/login >> StatusCode:: 404, Message:: User not found
2022-05-04 12:11:18 info: [0mPOST /auth/login [33m404[0m 310.862 ms - 28[0m
2022-05-04 12:12:54 info: =================================
2022-05-04 12:12:54 info: ======= ENV: development =======
2022-05-04 12:12:54 info: 🚀 App listening on the port 3000
2022-05-04 12:12:54 info: =================================
2022-05-04 12:15:38 info: =================================
2022-05-04 12:15:38 info: ======= ENV: development =======
2022-05-04 12:15:38 info: 🚀 App listening on the port 3000
2022-05-04 12:15:38 info: =================================
2022-05-04 12:23:30 info: =================================
2022-05-04 12:23:30 info: ======= ENV: development =======
2022-05-04 12:23:30 info: 🚀 App listening on the port 3000
2022-05-04 12:23:30 info: =================================
2022-05-04 12:25:18 info: =================================
2022-05-04 12:25:18 info: ======= ENV: development =======
2022-05-04 12:25:18 info: 🚀 App listening on the port 3000
2022-05-04 12:25:18 info: =================================
2022-05-04 12:25:30 info: =================================
2022-05-04 12:25:30 info: ======= ENV: development =======
2022-05-04 12:25:30 info: 🚀 App listening on the port 3000
2022-05-04 12:25:30 info: =================================
2022-05-04 12:26:24 info: =================================
2022-05-04 12:26:24 info: ======= ENV: development =======
2022-05-04 12:26:24 info: 🚀 App listening on the port 3000
2022-05-04 12:26:24 info: =================================
2022-05-04 12:27:00 info: =================================
2022-05-04 12:27:00 info: ======= ENV: development =======
2022-05-04 12:27:00 info: 🚀 App listening on the port 3000
2022-05-04 12:27:00 info: =================================
2022-05-04 12:27:12 info: =================================
2022-05-04 12:27:12 info: ======= ENV: development =======
2022-05-04 12:27:12 info: 🚀 App listening on the port 3000
2022-05-04 12:27:12 info: =================================
2022-05-04 12:27:52 info: =================================
2022-05-04 12:27:52 info: ======= ENV: development =======
2022-05-04 12:27:52 info: 🚀 App listening on the port 3000
2022-05-04 12:27:52 info: =================================
2022-05-04 12:27:59 info: =================================
2022-05-04 12:27:59 info: ======= ENV: development =======
2022-05-04 12:27:59 info: 🚀 App listening on the port 3000
2022-05-04 12:27:59 info: =================================
2022-05-04 12:30:07 info: =================================
2022-05-04 12:30:07 info: ======= ENV: development =======
2022-05-04 12:30:07 info: 🚀 App listening on the port 3000
2022-05-04 12:30:07 info: =================================
2022-05-04 12:33:42 info: =================================
2022-05-04 12:33:42 info: ======= ENV: development =======
2022-05-04 12:33:42 info: 🚀 App listening on the port 3000
2022-05-04 12:33:42 info: =================================
2022-05-04 12:34:00 info: =================================
2022-05-04 12:34:00 info: ======= ENV: development =======
2022-05-04 12:34:00 info: 🚀 App listening on the port 3000
2022-05-04 12:34:00 info: =================================
2022-05-04 12:34:45 info: =================================
2022-05-04 12:34:45 info: ======= ENV: development =======
2022-05-04 12:34:45 info: 🚀 App listening on the port 3000
2022-05-04 12:34:45 info: =================================
2022-05-04 12:34:51 info: =================================
2022-05-04 12:34:51 info: ======= ENV: development =======
2022-05-04 12:34:51 info: 🚀 App listening on the port 3000
2022-05-04 12:34:51 info: =================================
2022-05-04 12:43:02 info: =================================
2022-05-04 12:43:02 info: ======= ENV: development =======
2022-05-04 12:43:02 info: 🚀 App listening on the port 3000
2022-05-04 12:43:02 info: =================================
2022-05-04 12:43:18 info: =================================
2022-05-04 12:43:18 info: ======= ENV: development =======
2022-05-04 12:43:18 info: 🚀 App listening on the port 3000
2022-05-04 12:43:18 info: =================================
2022-05-04 12:43:29 info: =================================
2022-05-04 12:43:29 info: ======= ENV: development =======
2022-05-04 12:43:29 info: 🚀 App listening on the port 3000
2022-05-04 12:43:29 info: =================================
2022-05-04 12:43:36 info: =================================
2022-05-04 12:43:36 info: ======= ENV: development =======
2022-05-04 12:43:36 info: 🚀 App listening on the port 3000
2022-05-04 12:43:36 info: =================================
2022-05-04 12:43:56 info: =================================
2022-05-04 12:43:56 info: ======= ENV: development =======
2022-05-04 12:43:56 info: 🚀 App listening on the port 3000
2022-05-04 12:43:56 info: =================================
2022-05-04 12:45:31 info: =================================
2022-05-04 12:45:31 info: ======= ENV: development =======
2022-05-04 12:45:31 info: 🚀 App listening on the port 3000
2022-05-04 12:45:31 info: =================================
2022-05-04 12:45:39 info: =================================
2022-05-04 12:45:39 info: ======= ENV: development =======
2022-05-04 12:45:39 info: 🚀 App listening on the port 3000
2022-05-04 12:45:39 info: =================================
2022-05-04 12:45:59 info: =================================
2022-05-04 12:45:59 info: ======= ENV: development =======
2022-05-04 12:45:59 info: 🚀 App listening on the port 3000
2022-05-04 12:45:59 info: =================================
2022-05-04 12:46:16 info: =================================
2022-05-04 12:46:16 info: ======= ENV: development =======
2022-05-04 12:46:16 info: 🚀 App listening on the port 3000
2022-05-04 12:46:16 info: =================================
2022-05-04 12:46:31 info: =================================
2022-05-04 12:46:31 info: ======= ENV: development =======
2022-05-04 12:46:31 info: 🚀 App listening on the port 3000
2022-05-04 12:46:31 info: =================================
2022-05-04 12:46:36 info: =================================
2022-05-04 12:46:36 info: ======= ENV: development =======
2022-05-04 12:46:36 info: 🚀 App listening on the port 3000
2022-05-04 12:46:36 info: =================================
2022-05-04 12:46:54 info: =================================
2022-05-04 12:46:54 info: ======= ENV: development =======
2022-05-04 12:46:54 info: 🚀 App listening on the port 3000
2022-05-04 12:46:54 info: =================================
2022-05-04 12:47:11 info: =================================
2022-05-04 12:47:11 info: ======= ENV: development =======
2022-05-04 12:47:11 info: 🚀 App listening on the port 3000
2022-05-04 12:47:11 info: =================================
2022-05-04 12:47:22 info: =================================
2022-05-04 12:47:22 info: ======= ENV: development =======
2022-05-04 12:47:22 info: 🚀 App listening on the port 3000
2022-05-04 12:47:22 info: =================================
2022-05-04 12:50:36 info: =================================
2022-05-04 12:50:36 info: ======= ENV: development =======
2022-05-04 12:50:36 info: 🚀 App listening on the port 3000
2022-05-04 12:50:36 info: =================================
2022-05-04 12:52:46 info: =================================
2022-05-04 12:52:46 info: ======= ENV: development =======
2022-05-04 12:52:46 info: 🚀 App listening on the port 3000
2022-05-04 12:52:46 info: =================================
2022-05-04 12:53:11 info: =================================
2022-05-04 12:53:11 info: ======= ENV: development =======
2022-05-04 12:53:11 info: 🚀 App listening on the port 3000
2022-05-04 12:53:11 info: =================================
2022-05-04 12:53:32 info: =================================
2022-05-04 12:53:32 info: ======= ENV: development =======
2022-05-04 12:53:32 info: 🚀 App listening on the port 3000
2022-05-04 12:53:32 info: =================================
2022-05-04 12:54:12 info: =================================
2022-05-04 12:54:12 info: ======= ENV: development =======
2022-05-04 12:54:12 info: 🚀 App listening on the port 3000
2022-05-04 12:54:12 info: =================================
2022-05-04 12:54:25 info: =================================
2022-05-04 12:54:25 info: ======= ENV: development =======
2022-05-04 12:54:25 info: 🚀 App listening on the port 3000
2022-05-04 12:54:25 info: =================================
2022-05-04 12:54:29 info: =================================
2022-05-04 12:54:29 info: ======= ENV: development =======
2022-05-04 12:54:29 info: 🚀 App listening on the port 3000
2022-05-04 12:54:29 info: =================================
2022-05-04 12:54:50 info: =================================
2022-05-04 12:54:50 info: ======= ENV: development =======
2022-05-04 12:54:50 info: 🚀 App listening on the port 3000
2022-05-04 12:54:50 info: =================================
2022-05-04 12:54:59 info: =================================
2022-05-04 12:54:59 info: ======= ENV: development =======
2022-05-04 12:54:59 info: 🚀 App listening on the port 3000
2022-05-04 12:54:59 info: =================================
2022-05-04 12:58:38 info: =================================
2022-05-04 12:58:38 info: ======= ENV: development =======
2022-05-04 12:58:38 info: 🚀 App listening on the port 3000
2022-05-04 12:58:38 info: =================================
2022-05-04 12:58:57 info: =================================
2022-05-04 12:58:57 info: ======= ENV: development =======
2022-05-04 12:58:57 info: 🚀 App listening on the port 3000
2022-05-04 12:58:57 info: =================================
2022-05-04 12:59:10 info: =================================
2022-05-04 12:59:10 info: ======= ENV: development =======
2022-05-04 12:59:10 info: 🚀 App listening on the port 3000
2022-05-04 12:59:10 info: =================================
2022-05-04 12:59:19 info: =================================
2022-05-04 12:59:19 info: ======= ENV: development =======
2022-05-04 12:59:19 info: 🚀 App listening on the port 3000
2022-05-04 12:59:19 info: =================================
2022-05-04 13:00:32 info: =================================
2022-05-04 13:00:32 info: ======= ENV: development =======
2022-05-04 13:00:32 info: 🚀 App listening on the port 3000
2022-05-04 13:00:32 info: =================================
2022-05-04 13:00:38 info: =================================
2022-05-04 13:00:38 info: ======= ENV: development =======
2022-05-04 13:00:38 info: 🚀 App listening on the port 3000
2022-05-04 13:00:38 info: =================================
2022-05-04 13:00:46 info: =================================
2022-05-04 13:00:46 info: ======= ENV: development =======
2022-05-04 13:00:46 info: 🚀 App listening on the port 3000
2022-05-04 13:00:46 info: =================================
2022-05-04 13:00:53 info: =================================
2022-05-04 13:00:53 info: ======= ENV: development =======
2022-05-04 13:00:53 info: 🚀 App listening on the port 3000
2022-05-04 13:00:53 info: =================================
2022-05-04 13:01:01 info: =================================
2022-05-04 13:01:01 info: ======= ENV: development =======
2022-05-04 13:01:01 info: 🚀 App listening on the port 3000
2022-05-04 13:01:01 info: =================================
2022-05-04 13:01:40 info: =================================
2022-05-04 13:01:40 info: ======= ENV: development =======
2022-05-04 13:01:40 info: 🚀 App listening on the port 3000
2022-05-04 13:01:40 info: =================================
2022-05-04 13:02:36 info: =================================
2022-05-04 13:02:36 info: ======= ENV: development =======
2022-05-04 13:02:36 info: 🚀 App listening on the port 3000
2022-05-04 13:02:36 info: =================================
2022-05-04 13:04:17 info: [0mPOST /auth/login [33m404[0m 53.639 ms - 150[0m
2022-05-04 13:04:24 error: [POST] /v1/auth/login >> StatusCode:: 404, Message:: User not found
2022-05-04 13:04:24 info: [0mPOST /v1/auth/login [33m404[0m 282.054 ms - 28[0m
2022-05-04 13:09:05 info: =================================
2022-05-04 13:09:05 info: ======= ENV: development =======
2022-05-04 13:09:05 info: 🚀 App listening on the port 3000
2022-05-04 13:09:05 info: =================================
2022-05-04 13:10:33 info: =================================
2022-05-04 13:10:33 info: ======= ENV: development =======
2022-05-04 13:10:33 info: 🚀 App listening on the port 3000
2022-05-04 13:10:33 info: =================================
2022-05-04 13:11:02 info: =================================
2022-05-04 13:11:02 info: ======= ENV: development =======
2022-05-04 13:11:02 info: 🚀 App listening on the port 3000
2022-05-04 13:11:02 info: =================================
2022-05-04 13:11:52 info: =================================
2022-05-04 13:11:52 info: ======= ENV: development =======
2022-05-04 13:11:52 info: 🚀 App listening on the port 3000
2022-05-04 13:11:52 info: =================================
2022-05-04 13:12:13 info: =================================
2022-05-04 13:12:13 info: ======= ENV: development =======
2022-05-04 13:12:13 info: 🚀 App listening on the port 3000
2022-05-04 13:12:13 info: =================================
2022-05-04 13:12:23 info: =================================
2022-05-04 13:12:23 info: ======= ENV: development =======
2022-05-04 13:12:23 info: 🚀 App listening on the port 3000
2022-05-04 13:12:23 info: =================================
2022-05-04 13:13:06 info: =================================
2022-05-04 13:13:06 info: ======= ENV: development =======
2022-05-04 13:13:06 info: 🚀 App listening on the port 3000
2022-05-04 13:13:06 info: =================================
2022-05-04 13:13:19 info: =================================
2022-05-04 13:13:19 info: ======= ENV: development =======
2022-05-04 13:13:19 info: 🚀 App listening on the port 3000
2022-05-04 13:13:19 info: =================================
2022-05-04 13:16:48 info: =================================
2022-05-04 13:16:48 info: ======= ENV: development =======
2022-05-04 13:16:48 info: 🚀 App listening on the port 3000
2022-05-04 13:16:48 info: =================================
2022-05-04 13:17:12 info: =================================
2022-05-04 13:17:12 info: ======= ENV: development =======
2022-05-04 13:17:12 info: 🚀 App listening on the port 3000
2022-05-04 13:17:12 info: =================================
2022-05-04 13:17:19 info: =================================
2022-05-04 13:17:19 info: ======= ENV: development =======
2022-05-04 13:17:19 info: 🚀 App listening on the port 3000
2022-05-04 13:17:19 info: =================================
2022-05-04 13:17:31 info: =================================
2022-05-04 13:17:31 info: ======= ENV: development =======
2022-05-04 13:17:31 info: 🚀 App listening on the port 3000
2022-05-04 13:17:31 info: =================================
2022-05-04 13:17:49 info: =================================
2022-05-04 13:17:49 info: ======= ENV: development =======
2022-05-04 13:17:49 info: 🚀 App listening on the port 3000
2022-05-04 13:17:49 info: =================================
2022-05-04 13:19:32 error: [POST] /v1/auth/password-reset >> StatusCode:: 400, Message:: property password should not exist
2022-05-04 13:19:32 info: [0mPOST /v1/auth/password-reset [33m400[0m 74.268 ms - 48[0m
2022-05-04 13:19:44 error: [POST] /v1/auth/password-reset >> StatusCode:: 400, Message:: property emai should not exist, email must be an email
2022-05-04 13:19:44 info: [0mPOST /v1/auth/password-reset [33m400[0m 2.922 ms - 68[0m
2022-05-04 13:19:52 error: [POST] /v1/auth/password-reset >> StatusCode:: 404, Message:: User not found
2022-05-04 13:19:52 info: [0mPOST /v1/auth/password-reset [33m404[0m 350.916 ms - 28[0m
2022-05-04 13:24:52 error: [POST] /v1/auth/register >> StatusCode:: 400, Message:: property pin should not exist, email must be an email, password must be a string, otp must be a string, lastName must be a string, firstName must be a string, address must be a string, phone must be a string
2022-05-04 13:24:52 info: [0mPOST /v1/auth/register [33m400[0m 1.972 ms - 221[0m
2022-05-04 13:25:02 error: [POST] /v1/user/pin >> StatusCode:: 404, Message:: Authentication token missing
2022-05-04 13:25:02 info: [0mPOST /v1/user/pin [33m404[0m 1.823 ms - 42[0m
2022-05-04 13:26:56 info: =================================
2022-05-04 13:26:56 info: ======= ENV: development =======
2022-05-04 13:26:56 info: 🚀 App listening on the port 3000
2022-05-04 13:26:56 info: =================================
2022-05-04 13:27:00 info: =================================
2022-05-04 13:27:00 info: ======= ENV: development =======
2022-05-04 13:27:00 info: 🚀 App listening on the port 3000
2022-05-04 13:27:00 info: =================================
2022-05-04 13:27:19 error: [GET] /v1/user/:id >> StatusCode:: 404, Message:: Authentication token missing
2022-05-04 13:27:19 info: [0mGET /v1/user/:id [33m404[0m 8.199 ms - 42[0m
2022-05-04 13:27:54 error: [PUT] /v1/user/:id >> StatusCode:: 400, Message:: Unexpected token k in JSON at position 4
2022-05-04 13:27:54 info: [0mPUT /v1/user/:id [33m400[0m 28.466 ms - 54[0m
2022-05-04 13:28:07 error: [PUT] /v1/user/kyc >> StatusCode:: 404, Message:: Authentication token missing
2022-05-04 13:28:07 info: [0mPUT /v1/user/kyc [33m404[0m 4.171 ms - 42[0m
2022-05-04 13:28:23 info: =================================
2022-05-04 13:28:23 info: ======= ENV: development =======
2022-05-04 13:28:23 info: 🚀 App listening on the port 3000
2022-05-04 13:28:23 info: =================================
2022-05-04 13:28:27 error: [PUT] /v1/user/kyc >> StatusCode:: 500, Message:: Cannot destructure property '_id' of 'req.user' as it is undefined.
2022-05-04 13:28:27 info: [0mPUT /v1/user/kyc [31m500[0m 10.885 ms - 81[0m
2022-05-04 13:28:45 info: =================================
2022-05-04 13:28:45 info: ======= ENV: development =======
2022-05-04 13:28:45 info: 🚀 App listening on the port 3000
2022-05-04 13:28:45 info: =================================
2022-05-04 13:28:51 info: =================================
2022-05-04 13:28:51 info: ======= ENV: development =======
2022-05-04 13:28:51 info: 🚀 App listening on the port 3000
2022-05-04 13:28:51 info: =================================
2022-05-04 13:31:26 info: [0mPUT /v1/user/kyc [0m-[0m - ms - -[0m
