2022-04-21 12:48:50 info: =================================
2022-04-21 12:48:50 info: ======= ENV: development =======
2022-04-21 12:48:50 info: 🚀 App listening on the port 3000
2022-04-21 12:48:50 info: =================================
2022-04-21 13:00:41 info: [0mGET / [32m200[0m 17.804 ms - 2[0m
2022-04-21 13:00:44 info: [0mGET /favicon.ico [33m404[0m 2.726 ms - 150[0m
2022-04-21 13:00:50 info: [0mGET / [36m304[0m 3.260 ms - -[0m
2022-04-21 13:00:59 info: [0mGET /api-docs [36m301[0m 43.091 ms - 183[0m
2022-04-21 13:00:59 info: [0mGET /api-docs/ [32m200[0m 19.829 ms - -[0m
2022-04-21 13:00:59 info: [0mGET /api-docs/swagger-ui-init.js [32m200[0m 1.979 ms - -[0m
2022-04-21 13:00:59 info: [0mGET /api-docs/swagger-ui.css [32m200[0m 23.912 ms - -[0m
2022-04-21 13:00:59 info: [0mGET /api-docs/swagger-ui-standalone-preset.js [32m200[0m 23.589 ms - -[0m
2022-04-21 13:00:59 info: [0mGET /api-docs/swagger-ui-bundle.js [32m200[0m 23.766 ms - -[0m
2022-04-21 13:01:00 info: [0mGET /api-docs/favicon-32x32.png [32m200[0m 6.712 ms - 628[0m
2022-04-21 13:01:00 info: [0mGET /api-docs/favicon-32x32.png [36m304[0m 1.998 ms - -[0m
2022-04-21 13:01:06 info: [0mGET /api-docs/favicon-32x32.png [36m304[0m 1.066 ms - -[0m
2022-04-21 13:01:07 info: [0mGET /api-docs/favicon-32x32.png [36m304[0m 0.834 ms - -[0m
2022-04-21 13:01:11 info: [0mGET /api-docs/favicon-32x32.png [36m304[0m 4.891 ms - -[0m
2022-04-21 13:01:14 info: [0mGET /api-docs/favicon-32x32.png [36m304[0m 6.320 ms - -[0m
2022-04-21 13:01:18 info: [0mGET /api-docs/favicon-32x32.png [36m304[0m 1.281 ms - -[0m
2022-04-21 13:01:21 info: [0mGET /api-docs/favicon-32x32.png [36m304[0m 1.112 ms - -[0m
2022-04-21 13:03:50 info: =================================
2022-04-21 13:03:50 info: ======= ENV: development =======
2022-04-21 13:03:50 info: 🚀 App listening on the port 3000
2022-04-21 13:03:50 info: =================================
2022-04-21 13:04:13 info: =================================
2022-04-21 13:04:13 info: ======= ENV: development =======
2022-04-21 13:04:13 info: 🚀 App listening on the port 3000
2022-04-21 13:04:13 info: =================================
2022-04-21 13:04:28 info: =================================
2022-04-21 13:04:28 info: ======= ENV: development =======
2022-04-21 13:04:28 info: 🚀 App listening on the port 3000
2022-04-21 13:04:28 info: =================================
2022-04-21 13:04:36 info: =================================
2022-04-21 13:04:36 info: ======= ENV: development =======
2022-04-21 13:04:36 info: 🚀 App listening on the port 3000
2022-04-21 13:04:36 info: =================================
2022-04-21 13:04:39 info: =================================
2022-04-21 13:04:39 info: ======= ENV: development =======
2022-04-21 13:04:39 info: 🚀 App listening on the port 3000
2022-04-21 13:04:39 info: =================================
2022-04-21 13:04:44 info: =================================
2022-04-21 13:04:44 info: ======= ENV: development =======
2022-04-21 13:04:44 info: 🚀 App listening on the port 3000
2022-04-21 13:04:44 info: =================================
2022-04-21 13:04:52 info: =================================
2022-04-21 13:04:52 info: ======= ENV: development =======
2022-04-21 13:04:52 info: 🚀 App listening on the port 3000
2022-04-21 13:04:52 info: =================================
2022-04-21 13:04:56 info: =================================
2022-04-21 13:04:56 info: ======= ENV: development =======
2022-04-21 13:04:56 info: 🚀 App listening on the port 3000
2022-04-21 13:04:56 info: =================================
2022-04-21 13:05:07 info: =================================
2022-04-21 13:05:07 info: ======= ENV: development =======
2022-04-21 13:05:07 info: 🚀 App listening on the port 3000
2022-04-21 13:05:07 info: =================================
2022-04-21 13:05:52 info: =================================
2022-04-21 13:05:52 info: ======= ENV: development =======
2022-04-21 13:05:52 info: 🚀 App listening on the port 3000
2022-04-21 13:05:52 info: =================================
2022-04-21 13:06:00 info: =================================
2022-04-21 13:06:00 info: ======= ENV: development =======
2022-04-21 13:06:00 info: 🚀 App listening on the port 3000
2022-04-21 13:06:00 info: =================================
